Arguments: 
  C:\Program Files\nodejs\node.exe C:\Users\limingzheng\AppData\Roaming\npm\node_modules\yarn\bin\yarn.js add connect-busboy --save

PATH: 
  C:\Program Files\VanDyke Software\SecureFX\;C:\ProgramData\Oracle\Java\javapath;C:\Program Files (x86)\Intel\iCLS Client\;C:\Program Files\Intel\iCLS Client\;C:\Windows\system32;C:\Windows;C:\Windows\System32\Wbem;C:\Windows\System32\WindowsPowerShell\v1.0\;C:\Program Files (x86)\Intel\Intel(R) Management Engine Components\DAL;C:\Program Files\Intel\Intel(R) Management Engine Components\DAL;C:\Program Files (x86)\Intel\Intel(R) Management Engine Components\IPT;C:\Program Files\Intel\Intel(R) Management Engine Components\IPT;C:\Program Files (x86)\NVIDIA Corporation\PhysX\Common;C:\WINDOWS\system32;C:\WINDOWS;C:\WINDOWS\System32\Wbem;C:\WINDOWS\System32\WindowsPowerShell\v1.0\;C:\Program Files\nodejs\;C:\Program Files\Git\cmd;C:\Users\limingzheng\AppData\Roaming\npm;C:\Program Files\Java\jdk1.8.0_112\bin;C:\Program Files\Java\jre1.8.0_112\bin;C:\Program Files\Java\jdk1.8.0_25\lib;C:\Program Files\apache-tomcat-9.0.0.M15\bin;C:\Program Files (x86)\Google\Chrome\Application;C:\Program Files\MongoDB\Server\3.4\bin;C:\Program Files\TortoiseSVN\bin;C:\Program Files\VisualSVN Server\bin;C:\Program Files\Intel\WiFi\bin\;C:\Program Files\Common Files\Intel\WirelessCommon\;C:\Users\limingzheng\AppData\Local\Microsoft\WindowsApps;C:\Users\limingzheng\AppData\Roaming\npm;C:\Program Files\Microsoft VS Code\bin;C:\Users\limingzheng\AppData\Local\atom\bin

Yarn version: 
  0.27.5

Node version: 
  6.9.2

Platform: 
  win32 x64

npm manifest: 
  {
    "name": "todoserver",
    "version": "0.0.0",
    "private": true,
    "scripts": {
      "start": "node ./bin/www"
    },
    "dependencies": {
      "body-parser": "~1.17.1",
      "cookie-parser": "~1.4.3",
      "debug": "~2.6.3",
      "express": "~4.15.2",
      "formidable": "^1.1.1",
      "jade": "~1.11.0",
      "morgan": "~1.8.1",
      "serve-favicon": "~2.4.2",
      "socket.io": "^2.0.3",
      "uuid": "^3.1.0"
    }
  }

yarn manifest: 
  No manifest

Lockfile: 
  No lockfile

Trace: 
  Error: getaddrinfo ENOTFOUND registry.npm.taobao.org registry.npm.taobao.org:443
      at errnoException (dns.js:28:10)
      at GetAddrInfoReqWrap.onlookup [as oncomplete] (dns.js:76:26)
